000 (126775.000.000) 04/07 18:08:53 Job submitted from host: <10.68.254.1:20309?addrs=10.68.254.1-20309>
...
007 (126775.000.000) 04/07 18:09:11 Shadow exception!
	Error from slot1@n21.lsc.ic.unicamp.br: Failed to open '/home/tiago.almeida/gemmini.cluster/results/mul16s_HHPv4.out' as standard output: No such file or directory (errno 2)
	0  -  Run Bytes Sent By Job
	0  -  Run Bytes Received By Job
...
012 (126775.000.000) 04/07 18:09:11 Job was held.
	Error from slot1@n21.lsc.ic.unicamp.br: Failed to open '/home/tiago.almeida/gemmini.cluster/results/mul16s_HHPv4.out' as standard output: No such file or directory (errno 2)
	Code 7 Subcode 2
...
013 (126775.000.000) 04/08 18:34:28 Job was released.
	via condor_release (by user tiago.almeida)
...
007 (126775.000.000) 04/08 18:34:28 Shadow exception!
	Error from slot1@n21.lsc.ic.unicamp.br: Failed to open '/home/tiago.almeida/gemmini.cluster/results/mul16s_HHPv4.out' as standard output: No such file or directory (errno 2)
	0  -  Run Bytes Sent By Job
	0  -  Run Bytes Received By Job
...
012 (126775.000.000) 04/08 18:34:28 Job was held.
	Error from slot1@n21.lsc.ic.unicamp.br: Failed to open '/home/tiago.almeida/gemmini.cluster/results/mul16s_HHPv4.out' as standard output: No such file or directory (errno 2)
	Code 7 Subcode 2
...
013 (126775.000.000) 04/08 21:57:14 Job was released.
	via condor_release (by user tiago.almeida)
...
007 (126775.000.000) 04/08 21:57:15 Shadow exception!
	Error from slot1@n21.lsc.ic.unicamp.br: Failed to open '/home/tiago.almeida/gemmini.cluster/results/mul16s_HHPv4.out' as standard output: No such file or directory (errno 2)
	0  -  Run Bytes Sent By Job
	0  -  Run Bytes Received By Job
...
012 (126775.000.000) 04/08 21:57:15 Job was held.
	Error from slot1@n21.lsc.ic.unicamp.br: Failed to open '/home/tiago.almeida/gemmini.cluster/results/mul16s_HHPv4.out' as standard output: No such file or directory (errno 2)
	Code 7 Subcode 2
...
013 (126775.000.000) 04/09 08:47:42 Job was released.
	via condor_release (by user tiago.almeida)
...
001 (126775.000.000) 04/09 08:47:55 Job executing on host: <10.68.100.18:9618?addrs=10.68.100.18-9618+[--1]-9618&noUDP&sock=1223_746a_3>
...
006 (126775.000.000) 04/09 08:48:03 Image size of job updated: 11864
	5  -  MemoryUsage of job (MB)
	4208  -  ResidentSetSize of job (KB)
...
006 (126775.000.000) 04/09 08:53:03 Image size of job updated: 12128
	5  -  MemoryUsage of job (MB)
	4208  -  ResidentSetSize of job (KB)
...
006 (126775.000.000) 04/09 08:58:03 Image size of job updated: 12392
	5  -  MemoryUsage of job (MB)
	4208  -  ResidentSetSize of job (KB)
...
006 (126775.000.000) 04/09 09:03:04 Image size of job updated: 12656
	5  -  MemoryUsage of job (MB)
	4208  -  ResidentSetSize of job (KB)
...
006 (126775.000.000) 04/09 09:53:08 Image size of job updated: 12656
	5  -  MemoryUsage of job (MB)
	4216  -  ResidentSetSize of job (KB)
...
005 (126775.000.000) 04/09 15:06:55 Job terminated.
	(1) Normal termination (return value 123)
		Usr 2 15:04:05, Sys 0 00:05:50  -  Run Remote Usage
		Usr 0 00:00:00, Sys 0 00:00:00  -  Run Local Usage
		Usr 2 15:04:05, Sys 0 00:05:50  -  Total Remote Usage
		Usr 0 00:00:00, Sys 0 00:00:00  -  Total Local Usage
	0  -  Run Bytes Sent By Job
	0  -  Run Bytes Received By Job
	0  -  Total Bytes Sent By Job
	0  -  Total Bytes Received By Job
	Partitionable Resources :    Usage  Request Allocated
	   Cpus                 :                10        10
	   Disk (KB)            :        1        1  10389828
	   Memory (MB)          :        5        1         1
...
000 (126781.000.000) 04/09 15:37:17 Job submitted from host: <10.68.254.1:20309?addrs=10.68.254.1-20309>
...
001 (126781.000.000) 04/09 15:37:21 Job executing on host: <10.68.100.18:9618?addrs=10.68.100.18-9618+[--1]-9618&noUDP&sock=1223_746a_3>
...
006 (126781.000.000) 04/09 15:37:29 Image size of job updated: 4392
	5  -  MemoryUsage of job (MB)
	4392  -  ResidentSetSize of job (KB)
...
006 (126781.000.000) 04/09 15:47:30 Image size of job updated: 4656
	5  -  MemoryUsage of job (MB)
	4392  -  ResidentSetSize of job (KB)
...
006 (126781.000.000) 04/09 15:52:31 Image size of job updated: 4920
	5  -  MemoryUsage of job (MB)
	4392  -  ResidentSetSize of job (KB)
...
006 (126781.000.000) 04/09 15:57:31 Image size of job updated: 5184
	5  -  MemoryUsage of job (MB)
	4392  -  ResidentSetSize of job (KB)
...
005 (126781.000.000) 04/17 12:56:42 Job terminated.
	(1) Normal termination (return value 123)
		Usr 78 18:57:11, Sys 0 02:16:05  -  Run Remote Usage
		Usr 0 00:00:00, Sys 0 00:00:00  -  Run Local Usage
		Usr 78 18:57:11, Sys 0 02:16:05  -  Total Remote Usage
		Usr 0 00:00:00, Sys 0 00:00:00  -  Total Local Usage
	0  -  Run Bytes Sent By Job
	0  -  Run Bytes Received By Job
	0  -  Total Bytes Sent By Job
	0  -  Total Bytes Received By Job
	Partitionable Resources :    Usage  Request Allocated
	   Cpus                 :                10        10
	   Disk (KB)            :        1        1  10389828
	   Memory (MB)          :        5        1         1
...
