000 (126762.000.000) 04/07 09:35:47 Job submitted from host: <10.68.254.1:20309?addrs=10.68.254.1-20309>
...
001 (126762.000.000) 04/07 09:35:59 Job executing on host: <10.68.100.18:9618?addrs=10.68.100.18-9618+[--1]-9618&noUDP&sock=1223_746a_3>
...
006 (126762.000.000) 04/07 09:36:08 Image size of job updated: 11348
	4  -  MemoryUsage of job (MB)
	3956  -  ResidentSetSize of job (KB)
...
006 (126762.000.000) 04/07 09:41:09 Image size of job updated: 11612
	4  -  MemoryUsage of job (MB)
	3956  -  ResidentSetSize of job (KB)
...
006 (126762.000.000) 04/07 09:46:09 Image size of job updated: 11876
	4  -  MemoryUsage of job (MB)
	3956  -  ResidentSetSize of job (KB)
...
006 (126762.000.000) 04/07 09:51:10 Image size of job updated: 12008
	4  -  MemoryUsage of job (MB)
	3956  -  ResidentSetSize of job (KB)
...
006 (126762.000.000) 04/07 09:56:11 Image size of job updated: 12140
	4  -  MemoryUsage of job (MB)
	3956  -  ResidentSetSize of job (KB)
...
005 (126762.000.000) 04/07 15:23:50 Job terminated.
	(1) Normal termination (return value 0)
		Usr 2 09:52:32, Sys 0 00:05:44  -  Run Remote Usage
		Usr 0 00:00:00, Sys 0 00:00:00  -  Run Local Usage
		Usr 2 09:52:32, Sys 0 00:05:44  -  Total Remote Usage
		Usr 0 00:00:00, Sys 0 00:00:00  -  Total Local Usage
	0  -  Run Bytes Sent By Job
	0  -  Run Bytes Received By Job
	0  -  Total Bytes Sent By Job
	0  -  Total Bytes Received By Job
	Partitionable Resources :    Usage  Request Allocated
	   Cpus                 :                10        10
	   Disk (KB)            :        1        1  10389828
	   Memory (MB)          :        4        1         1
...
