000 (126774.000.000) 04/07 18:08:45 Job submitted from host: <10.68.254.1:20309?addrs=10.68.254.1-20309>
...
007 (126774.000.000) 04/07 18:08:51 Shadow exception!
	Error from slot1@n21.lsc.ic.unicamp.br: Failed to open '/home/tiago.almeida/gemmini.cluster/results/mul16s_HHPv3.out' as standard output: No such file or directory (errno 2)
	0  -  Run Bytes Sent By Job
	0  -  Run Bytes Received By Job
...
012 (126774.000.000) 04/07 18:08:51 Job was held.
	Error from slot1@n21.lsc.ic.unicamp.br: Failed to open '/home/tiago.almeida/gemmini.cluster/results/mul16s_HHPv3.out' as standard output: No such file or directory (errno 2)
	Code 7 Subcode 2
...
013 (126774.000.000) 04/08 18:34:28 Job was released.
	via condor_release (by user tiago.almeida)
...
001 (126774.000.000) 04/08 18:34:31 Job executing on host: <10.68.100.17:10867?addrs=10.68.100.17-10867>
...
006 (126774.000.000) 04/08 18:34:39 Image size of job updated: 12312
	5  -  MemoryUsage of job (MB)
	4244  -  ResidentSetSize of job (KB)
...
006 (126774.000.000) 04/08 18:39:40 Image size of job updated: 12508
	5  -  MemoryUsage of job (MB)
	4244  -  ResidentSetSize of job (KB)
...
006 (126774.000.000) 04/08 18:44:40 Image size of job updated: 12708
	5  -  MemoryUsage of job (MB)
	4244  -  ResidentSetSize of job (KB)
...
006 (126774.000.000) 04/08 18:49:41 Image size of job updated: 12908
	5  -  MemoryUsage of job (MB)
	4244  -  ResidentSetSize of job (KB)
...
006 (126774.000.000) 04/08 18:54:42 Image size of job updated: 13084
	5  -  MemoryUsage of job (MB)
	4244  -  ResidentSetSize of job (KB)
...
006 (126774.000.000) 04/08 22:45:10 Image size of job updated: 13084
	5  -  MemoryUsage of job (MB)
	4468  -  ResidentSetSize of job (KB)
...
006 (126774.000.000) 04/08 22:55:05 Image size of job updated: 13196
	5  -  MemoryUsage of job (MB)
	4468  -  ResidentSetSize of job (KB)
...
006 (126774.000.000) 04/08 23:00:08 Image size of job updated: 13396
	5  -  MemoryUsage of job (MB)
	4468  -  ResidentSetSize of job (KB)
...
006 (126774.000.000) 04/08 23:05:09 Image size of job updated: 13596
	5  -  MemoryUsage of job (MB)
	4468  -  ResidentSetSize of job (KB)
...
006 (126774.000.000) 04/08 23:10:06 Image size of job updated: 13604
	5  -  MemoryUsage of job (MB)
	4476  -  ResidentSetSize of job (KB)
...
005 (126774.000.000) 04/09 02:20:16 Job terminated.
	(1) Normal termination (return value 0)
		Usr 3 05:27:55, Sys 0 00:07:46  -  Run Remote Usage
		Usr 0 00:00:00, Sys 0 00:00:00  -  Run Local Usage
		Usr 3 05:27:55, Sys 0 00:07:46  -  Total Remote Usage
		Usr 0 00:00:00, Sys 0 00:00:00  -  Total Local Usage
	0  -  Run Bytes Sent By Job
	0  -  Run Bytes Received By Job
	0  -  Total Bytes Sent By Job
	0  -  Total Bytes Received By Job
	Partitionable Resources :    Usage  Request Allocated
	   Cpus                 :                10        10
	   Disk (KB)            :        1        1    625713
	   Memory (MB)          :        5        1         1
...
000 (126780.000.000) 04/09 14:32:51 Job submitted from host: <10.68.254.1:20309?addrs=10.68.254.1-20309>
...
007 (126780.000.000) 04/09 14:32:51 Shadow exception!
	Error from slot1@n21.lsc.ic.unicamp.br: Failed to open '/home/tiago.almeida/gemmini.cluster/results/mul16s_HHPv3.out' as standard output: No such file or directory (errno 2)
	0  -  Run Bytes Sent By Job
	0  -  Run Bytes Received By Job
...
012 (126780.000.000) 04/09 14:32:51 Job was held.
	Error from slot1@n21.lsc.ic.unicamp.br: Failed to open '/home/tiago.almeida/gemmini.cluster/results/mul16s_HHPv3.out' as standard output: No such file or directory (errno 2)
	Code 7 Subcode 2
...
013 (126780.000.000) 04/09 15:50:40 Job was released.
	via condor_release (by user tiago.almeida)
...
001 (126780.000.000) 04/09 15:50:43 Job executing on host: <10.68.100.16:29665?addrs=10.68.100.16-29665>
...
006 (126780.000.000) 04/09 15:50:52 Image size of job updated: 12628
	5  -  MemoryUsage of job (MB)
	4536  -  ResidentSetSize of job (KB)
...
006 (126780.000.000) 04/09 15:55:54 Image size of job updated: 12756
	5  -  MemoryUsage of job (MB)
	4536  -  ResidentSetSize of job (KB)
...
006 (126780.000.000) 04/09 16:00:54 Image size of job updated: 12912
	5  -  MemoryUsage of job (MB)
	4536  -  ResidentSetSize of job (KB)
...
006 (126780.000.000) 04/09 16:05:54 Image size of job updated: 13064
	5  -  MemoryUsage of job (MB)
	4536  -  ResidentSetSize of job (KB)
...
006 (126780.000.000) 04/09 16:10:55 Image size of job updated: 13216
	5  -  MemoryUsage of job (MB)
	4536  -  ResidentSetSize of job (KB)
...
006 (126780.000.000) 04/09 16:15:55 Image size of job updated: 13372
	5  -  MemoryUsage of job (MB)
	4536  -  ResidentSetSize of job (KB)
...
006 (126780.000.000) 04/09 16:20:55 Image size of job updated: 13524
	5  -  MemoryUsage of job (MB)
	4536  -  ResidentSetSize of job (KB)
...
006 (126780.000.000) 04/09 16:25:56 Image size of job updated: 13620
	5  -  MemoryUsage of job (MB)
	4536  -  ResidentSetSize of job (KB)
...
006 (126780.000.000) 04/09 16:30:57 Image size of job updated: 13624
	5  -  MemoryUsage of job (MB)
	4536  -  ResidentSetSize of job (KB)
...
005 (126780.000.000) 04/22 18:45:40 Job terminated.
	(1) Normal termination (return value 123)
		Usr 130 22:10:04, Sys 0 06:04:47  -  Run Remote Usage
		Usr 0 00:00:00, Sys 0 00:00:00  -  Run Local Usage
		Usr 130 22:10:04, Sys 0 06:04:47  -  Total Remote Usage
		Usr 0 00:00:00, Sys 0 00:00:00  -  Total Local Usage
	0  -  Run Bytes Sent By Job
	0  -  Run Bytes Received By Job
	0  -  Total Bytes Sent By Job
	0  -  Total Bytes Received By Job
	Partitionable Resources :    Usage  Request Allocated
	   Cpus                 :                10        10
	   Disk (KB)            :        1        1   6834358
	   Memory (MB)          :        5        1         1
...
