000 (126773.000.000) 04/07 18:08:41 Job submitted from host: <10.68.254.1:20309?addrs=10.68.254.1-20309>
...
007 (126773.000.000) 04/07 18:08:51 Shadow exception!
	Error from slot1@n21.lsc.ic.unicamp.br: Failed to open '/home/tiago.almeida/gemmini.cluster/results/mul16s_HHPv2.out' as standard output: No such file or directory (errno 2)
	0  -  Run Bytes Sent By Job
	0  -  Run Bytes Received By Job
...
012 (126773.000.000) 04/07 18:08:51 Job was held.
	Error from slot1@n21.lsc.ic.unicamp.br: Failed to open '/home/tiago.almeida/gemmini.cluster/results/mul16s_HHPv2.out' as standard output: No such file or directory (errno 2)
	Code 7 Subcode 2
...
013 (126773.000.000) 04/08 18:34:28 Job was released.
	via condor_release (by user tiago.almeida)
...
001 (126773.000.000) 04/08 18:34:31 Job executing on host: <10.68.100.18:9618?addrs=10.68.100.18-9618+[--1]-9618&noUDP&sock=1223_746a_3>
...
006 (126773.000.000) 04/08 18:34:40 Image size of job updated: 4140
	5  -  MemoryUsage of job (MB)
	4140  -  ResidentSetSize of job (KB)
...
006 (126773.000.000) 04/08 18:44:41 Image size of job updated: 4404
	5  -  MemoryUsage of job (MB)
	4140  -  ResidentSetSize of job (KB)
...
006 (126773.000.000) 04/08 18:49:41 Image size of job updated: 4800
	5  -  MemoryUsage of job (MB)
	4140  -  ResidentSetSize of job (KB)
...
006 (126773.000.000) 04/08 21:45:00 Image size of job updated: 4800
	5  -  MemoryUsage of job (MB)
	4600  -  ResidentSetSize of job (KB)
...
006 (126773.000.000) 04/08 21:55:01 Image size of job updated: 4996
	5  -  MemoryUsage of job (MB)
	4600  -  ResidentSetSize of job (KB)
...
006 (126773.000.000) 04/08 22:00:01 Image size of job updated: 5128
	5  -  MemoryUsage of job (MB)
	4600  -  ResidentSetSize of job (KB)
...
006 (126773.000.000) 04/08 22:05:02 Image size of job updated: 5392
	5  -  MemoryUsage of job (MB)
	4600  -  ResidentSetSize of job (KB)
...
005 (126773.000.000) 04/09 00:29:49 Job terminated.
	(1) Normal termination (return value 0)
		Usr 2 11:07:25, Sys 0 00:05:31  -  Run Remote Usage
		Usr 0 00:00:00, Sys 0 00:00:00  -  Run Local Usage
		Usr 2 11:07:25, Sys 0 00:05:31  -  Total Remote Usage
		Usr 0 00:00:00, Sys 0 00:00:00  -  Total Local Usage
	0  -  Run Bytes Sent By Job
	0  -  Run Bytes Received By Job
	0  -  Total Bytes Sent By Job
	0  -  Total Bytes Received By Job
	Partitionable Resources :    Usage  Request Allocated
	   Cpus                 :                10        10
	   Disk (KB)            :        1        1  10389828
	   Memory (MB)          :        5        1         1
...
000 (126779.000.000) 04/09 14:32:45 Job submitted from host: <10.68.254.1:20309?addrs=10.68.254.1-20309>
...
007 (126779.000.000) 04/09 14:32:51 Shadow exception!
	Error from slot1@n21.lsc.ic.unicamp.br: Failed to open '/home/tiago.almeida/gemmini.cluster/results/mul16s_HHPv2.out' as standard output: No such file or directory (errno 2)
	0  -  Run Bytes Sent By Job
	0  -  Run Bytes Received By Job
...
012 (126779.000.000) 04/09 14:32:51 Job was held.
	Error from slot1@n21.lsc.ic.unicamp.br: Failed to open '/home/tiago.almeida/gemmini.cluster/results/mul16s_HHPv2.out' as standard output: No such file or directory (errno 2)
	Code 7 Subcode 2
...
013 (126779.000.000) 04/09 15:50:40 Job was released.
	via condor_release (by user tiago.almeida)
...
007 (126779.000.000) 04/09 15:50:40 Shadow exception!
	Error from slot1@n21.lsc.ic.unicamp.br: Failed to open '/home/tiago.almeida/gemmini.cluster/results/mul16s_HHPv2.out' as standard output: No such file or directory (errno 2)
	0  -  Run Bytes Sent By Job
	0  -  Run Bytes Received By Job
...
012 (126779.000.000) 04/09 15:50:40 Job was held.
	Error from slot1@n21.lsc.ic.unicamp.br: Failed to open '/home/tiago.almeida/gemmini.cluster/results/mul16s_HHPv2.out' as standard output: No such file or directory (errno 2)
	Code 7 Subcode 2
...
013 (126779.000.000) 04/09 15:51:14 Job was released.
	via condor_release (by user tiago.almeida)
...
007 (126779.000.000) 04/09 15:51:14 Shadow exception!
	Error from slot1@n21.lsc.ic.unicamp.br: Failed to open '/home/tiago.almeida/gemmini.cluster/results/mul16s_HHPv2.out' as standard output: No such file or directory (errno 2)
	0  -  Run Bytes Sent By Job
	0  -  Run Bytes Received By Job
...
012 (126779.000.000) 04/09 15:51:14 Job was held.
	Error from slot1@n21.lsc.ic.unicamp.br: Failed to open '/home/tiago.almeida/gemmini.cluster/results/mul16s_HHPv2.out' as standard output: No such file or directory (errno 2)
	Code 7 Subcode 2
...
013 (126779.000.000) 04/09 15:51:31 Job was released.
	via condor_release (by user tiago.almeida)
...
007 (126779.000.000) 04/09 15:51:34 Shadow exception!
	Error from slot1@n21.lsc.ic.unicamp.br: Failed to open '/home/tiago.almeida/gemmini.cluster/results/mul16s_HHPv2.out' as standard output: No such file or directory (errno 2)
	0  -  Run Bytes Sent By Job
	0  -  Run Bytes Received By Job
...
012 (126779.000.000) 04/09 15:51:34 Job was held.
	Error from slot1@n21.lsc.ic.unicamp.br: Failed to open '/home/tiago.almeida/gemmini.cluster/results/mul16s_HHPv2.out' as standard output: No such file or directory (errno 2)
	Code 7 Subcode 2
...
013 (126779.000.000) 04/09 15:52:13 Job was released.
	via condor_release (by user tiago.almeida)
...
007 (126779.000.000) 04/09 15:52:13 Shadow exception!
	Error from slot1@n21.lsc.ic.unicamp.br: Failed to open '/home/tiago.almeida/gemmini.cluster/results/mul16s_HHPv2.out' as standard output: No such file or directory (errno 2)
	0  -  Run Bytes Sent By Job
	0  -  Run Bytes Received By Job
...
012 (126779.000.000) 04/09 15:52:13 Job was held.
	Error from slot1@n21.lsc.ic.unicamp.br: Failed to open '/home/tiago.almeida/gemmini.cluster/results/mul16s_HHPv2.out' as standard output: No such file or directory (errno 2)
	Code 7 Subcode 2
...
013 (126779.000.000) 04/09 15:52:43 Job was released.
	via condor_release (by user tiago.almeida)
...
007 (126779.000.000) 04/09 15:52:44 Shadow exception!
	Error from slot1@n21.lsc.ic.unicamp.br: Failed to open '/home/tiago.almeida/gemmini.cluster/results/mul16s_HHPv2.out' as standard output: No such file or directory (errno 2)
	0  -  Run Bytes Sent By Job
	0  -  Run Bytes Received By Job
...
012 (126779.000.000) 04/09 15:52:44 Job was held.
	Error from slot1@n21.lsc.ic.unicamp.br: Failed to open '/home/tiago.almeida/gemmini.cluster/results/mul16s_HHPv2.out' as standard output: No such file or directory (errno 2)
	Code 7 Subcode 2
...
013 (126779.000.000) 04/09 18:37:38 Job was released.
	via condor_release (by user tiago.almeida)
...
007 (126779.000.000) 04/09 18:37:38 Shadow exception!
	Error from slot1@n21.lsc.ic.unicamp.br: Failed to open '/home/tiago.almeida/gemmini.cluster/results/mul16s_HHPv2.out' as standard output: No such file or directory (errno 2)
	0  -  Run Bytes Sent By Job
	0  -  Run Bytes Received By Job
...
012 (126779.000.000) 04/09 18:37:38 Job was held.
	Error from slot1@n21.lsc.ic.unicamp.br: Failed to open '/home/tiago.almeida/gemmini.cluster/results/mul16s_HHPv2.out' as standard output: No such file or directory (errno 2)
	Code 7 Subcode 2
...
013 (126779.000.000) 04/18 17:06:34 Job was released.
	via condor_release (by user tiago.almeida)
...
001 (126779.000.000) 04/18 17:06:37 Job executing on host: <10.68.100.18:9618?addrs=10.68.100.18-9618+[--1]-9618&noUDP&sock=1223_746a_3>
...
006 (126779.000.000) 04/18 17:06:46 Image size of job updated: 11868
	5  -  MemoryUsage of job (MB)
	4212  -  ResidentSetSize of job (KB)
...
006 (126779.000.000) 04/18 17:11:47 Image size of job updated: 12000
	5  -  MemoryUsage of job (MB)
	4212  -  ResidentSetSize of job (KB)
...
006 (126779.000.000) 04/18 17:16:47 Image size of job updated: 12132
	5  -  MemoryUsage of job (MB)
	4212  -  ResidentSetSize of job (KB)
...
006 (126779.000.000) 04/18 17:21:47 Image size of job updated: 12396
	5  -  MemoryUsage of job (MB)
	4212  -  ResidentSetSize of job (KB)
...
006 (126779.000.000) 04/18 17:26:48 Image size of job updated: 12528
	5  -  MemoryUsage of job (MB)
	4212  -  ResidentSetSize of job (KB)
...
006 (126779.000.000) 04/18 17:31:48 Image size of job updated: 12660
	5  -  MemoryUsage of job (MB)
	4212  -  ResidentSetSize of job (KB)
...
005 (126779.000.000) 04/26 15:29:16 Job terminated.
	(1) Normal termination (return value 123)
		Usr 20 12:47:15, Sys 0 00:25:56  -  Run Remote Usage
		Usr 0 00:00:00, Sys 0 00:00:00  -  Run Local Usage
		Usr 20 12:47:15, Sys 0 00:25:56  -  Total Remote Usage
		Usr 0 00:00:00, Sys 0 00:00:00  -  Total Local Usage
	0  -  Run Bytes Sent By Job
	0  -  Run Bytes Received By Job
	0  -  Total Bytes Sent By Job
	0  -  Total Bytes Received By Job
	Partitionable Resources :    Usage  Request Allocated
	   Cpus                 :                10        10
	   Disk (KB)            :        1        1  10389828
	   Memory (MB)          :        5        1         1
...
